<?xml version="1.0" encoding="UTF-8"?>
<testsuite name="com.tartlief.chatbot.ChatbotApplicationTests" tests="1" skipped="0" failures="0" errors="0" timestamp="2026-04-17T02:27:18.353Z" hostname="192.168.1.9" time="1.068">
  <properties/>
  <testcase name="contextLoads()" classname="com.tartlief.chatbot.ChatbotApplicationTests" time="0.589"/>
  <system-out><![CDATA[10:27:18.400 [Test worker] INFO org.springframework.test.context.support.AnnotationConfigContextLoaderUtils -- Could not detect default configuration classes for test class [com.tartlief.chatbot.ChatbotApplicationTests]: ChatbotApplicationTests does not declare any static, non-private, non-final, nested classes annotated with @Configuration.
10:27:18.433 [Test worker] INFO org.springframework.boot.test.context.SpringBootTestContextBootstrapper -- Found @SpringBootConfiguration com.tartlief.chatbot.ChatbotApplication for test class com.tartlief.chatbot.ChatbotApplicationTests
10:27:18.455 [Test worker] INFO org.springframework.test.context.support.AnnotationConfigContextLoaderUtils -- Could not detect default configuration classes for test class [com.tartlief.chatbot.ChatbotApplicationTests]: ChatbotApplicationTests does not declare any static, non-private, non-final, nested classes annotated with @Configuration.
10:27:18.455 [Test worker] INFO org.springframework.boot.test.context.SpringBootTestContextBootstrapper -- Found @SpringBootConfiguration com.tartlief.chatbot.ChatbotApplication for test class com.tartlief.chatbot.ChatbotApplicationTests

  .   ____          _            __ _ _
 /\\ / ___'_ __ _ _(_)_ __  __ _ \ \ \ \
( ( )\___ | '_ | '_| | '_ \/ _` | \ \ \ \
 \\/  ___)| |_)| | | | | || (_| |  ) ) ) )
  '  |____| .__|_| |_|_| |_\__, | / / / /
 =========|_|==============|___/=/_/_/_/

 :: Spring Boot ::                (v4.0.5)

2026-04-17T10:27:18.543+08:00  INFO 49121 --- [chatbot] [    Test worker] [                                                 ] c.t.chatbot.ChatbotApplicationTests      : Starting ChatbotApplicationTests using Java 25.0.1 with PID 49121 (started by tjmthomas in /Users/tjmthomas/Documents/GitHub/2026-chatbot-be)
2026-04-17T10:27:18.544+08:00  INFO 49121 --- [chatbot] [    Test worker] [                                                 ] c.t.chatbot.ChatbotApplicationTests      : No active profile set, falling back to 1 default profile: "default"
2026-04-17T10:27:18.830+08:00  INFO 49121 --- [chatbot] [    Test worker] [                                                 ] c.t.chatbot.ChatbotApplicationTests      : Started ChatbotApplicationTests in 0.356 seconds (process running for 0.723)
]]></system-out>
  <system-err><![CDATA[Mockito is currently self-attaching to enable the inline-mock-maker. This will no longer work in future releases of the JDK. Please add Mockito as an agent to your build as described in Mockito's documentation: https://javadoc.io/doc/org.mockito/mockito-core/latest/org.mockito/org/mockito/Mockito.html#0.3
WARNING: A Java agent has been loaded dynamically (/Users/tjmthomas/.gradle/caches/modules-2/files-2.1/net.bytebuddy/byte-buddy-agent/1.17.8/f09415827a71be7ed621c7bd02550678f28bc81c/byte-buddy-agent-1.17.8.jar)
WARNING: If a serviceability tool is in use, please run with -XX:+EnableDynamicAgentLoading to hide this warning
WARNING: If a serviceability tool is not in use, please run with -Djdk.instrument.traceUsage for more information
WARNING: Dynamic loading of agents will be disallowed by default in a future release
]]></system-err>
</testsuite>
